<?xml version="1.0" encoding="UTF-8"?>
<!-- Generated by org.testng.reporters.JUnitReportReporter -->
<testsuite hostname="Sathwik-PC" failures="0" tests="1" name="com.example.RegistrationTest" time="3.220" errors="0" timestamp="2023-09-02T11:04:29 IST" skipped="0">
  <testcase classname="com.example.RegistrationTest" name="testRegistration" time="3.220"/>
</testsuite> <!-- com.example.RegistrationTest -->
