<?xml version="1.0" encoding="UTF-8"?>
<!-- Generated by org.testng.reporters.JUnitReportReporter -->
<testsuite hostname="Sathwik-PC" failures="0" tests="1" name="com.example.LoginTest" time="6.156" errors="0" timestamp="2023-09-02T11:31:54 IST" skipped="0">
  <testcase classname="com.example.LoginTest" name="testLogin" time="6.156"/>
</testsuite> <!-- com.example.LoginTest -->
